This file contains any messages produced by compilers while
running configure, to aid debugging if configure makes a mistake.

It was created by cciss_vol_status configure 1.03, which was
generated by GNU Autoconf 2.59.  Invocation command line was

  $ ./configure 

## --------- ##
## Platform. ##
## --------- ##

hostname = panama.numericalrocks.com
uname -m = x86_64
uname -r = 2.6.18-128.2.1.el5
uname -s = Linux
uname -v = #1 SMP Tue Jul 14 06:36:37 EDT 2009

/usr/bin/uname -p = unknown
/bin/uname -X     = unknown

/bin/arch              = x86_64
/usr/bin/arch -k       = unknown
/usr/convex/getsysinfo = unknown
hostinfo               = unknown
/bin/machine           = unknown
/usr/bin/oslevel       = unknown
/bin/universe          = unknown

PATH: /opt/omni/bin
PATH: /opt/omni/sbin
PATH: /usr/kerberos/sbin
PATH: /usr/kerberos/bin
PATH: /usr/local/sbin
PATH: /usr/local/bin
PATH: /sbin
PATH: /bin
PATH: /usr/sbin
PATH: /usr/bin
PATH: /root/bin


## ----------- ##
## Core tests. ##
## ----------- ##

configure:1356: checking for a BSD-compatible install
configure:1411: result: /usr/bin/install -c
configure:1422: checking whether build environment is sane
configure:1465: result: yes
configure:1530: checking for gawk
configure:1546: found /bin/gawk
configure:1556: result: gawk
configure:1566: checking whether make sets $(MAKE)
configure:1586: result: yes
configure:1801: checking for gcc
configure:1817: found /usr/bin/gcc
configure:1827: result: gcc
configure:2071: checking for C compiler version
configure:2074: gcc --version </dev/null >&5
gcc (GCC) 4.1.2 20080704 (Red Hat 4.1.2-44)
Copyright (C) 2006 Free Software Foundation, Inc.
This is free software; see the source for copying conditions.  There is NO
warranty; not even for MERCHANTABILITY or FITNESS FOR A PARTICULAR PURPOSE.

configure:2077: $? = 0
configure:2079: gcc -v </dev/null >&5
Using built-in specs.
Target: x86_64-redhat-linux
Configured with: ../configure --prefix=/usr --mandir=/usr/share/man --infodir=/usr/share/info --enable-shared --enable-threads=posix --enable-checking=release --with-system-zlib --enable-__cxa_atexit --disable-libunwind-exceptions --enable-libgcj-multifile --enable-languages=c,c++,objc,obj-c++,java,fortran,ada --enable-java-awt=gtk --disable-dssi --enable-plugin --with-java-home=/usr/lib/jvm/java-1.4.2-gcj-1.4.2.0/jre --with-cpu=generic --host=x86_64-redhat-linux
Thread model: posix
gcc version 4.1.2 20080704 (Red Hat 4.1.2-44)
configure:2082: $? = 0
configure:2084: gcc -V </dev/null >&5
gcc: '-V' option must have argument
configure:2087: $? = 1
configure:2110: checking for C compiler default output file name
configure:2113: gcc    conftest.c  >&5
configure:2116: $? = 0
configure:2162: result: a.out
configure:2167: checking whether the C compiler works
configure:2173: ./a.out
configure:2176: $? = 0
configure:2193: result: yes
configure:2200: checking whether we are cross compiling
configure:2202: result: no
configure:2205: checking for suffix of executables
configure:2207: gcc -o conftest    conftest.c  >&5
configure:2210: $? = 0
configure:2235: result: 
configure:2241: checking for suffix of object files
configure:2262: gcc -c   conftest.c >&5
configure:2265: $? = 0
configure:2287: result: o
configure:2291: checking whether we are using the GNU C compiler
configure:2315: gcc -c   conftest.c >&5
configure:2321: $? = 0
configure:2325: test -z 
			 || test ! -s conftest.err
configure:2328: $? = 0
configure:2331: test -s conftest.o
configure:2334: $? = 0
configure:2347: result: yes
configure:2353: checking whether gcc accepts -g
configure:2374: gcc -c -g  conftest.c >&5
configure:2380: $? = 0
configure:2384: test -z 
			 || test ! -s conftest.err
configure:2387: $? = 0
configure:2390: test -s conftest.o
configure:2393: $? = 0
configure:2404: result: yes
configure:2421: checking for gcc option to accept ANSI C
configure:2491: gcc  -c -g -O2  conftest.c >&5
configure:2497: $? = 0
configure:2501: test -z 
			 || test ! -s conftest.err
configure:2504: $? = 0
configure:2507: test -s conftest.o
configure:2510: $? = 0
configure:2528: result: none needed
configure:2546: gcc -c -g -O2  conftest.c >&5
conftest.c:2: error: expected '=', ',', ';', 'asm' or '__attribute__' before 'me'
configure:2552: $? = 1
configure: failed program was:
| #ifndef __cplusplus
|   choke me
| #endif
configure:2696: checking for style of include used by make
configure:2724: result: GNU
configure:2752: checking dependency style of gcc
configure:2842: result: gcc3
configure:2869: checking how to run the C preprocessor
configure:2904: gcc -E  conftest.c
configure:2910: $? = 0
configure:2942: gcc -E  conftest.c
conftest.c:11:28: error: ac_nonexistent.h: No such file or directory
configure:2948: $? = 1
configure: failed program was:
| /* confdefs.h.  */
| 
| #define PACKAGE_NAME "cciss_vol_status"
| #define PACKAGE_TARNAME "cciss_vol_status"
| #define PACKAGE_VERSION "1.03"
| #define PACKAGE_STRING "cciss_vol_status 1.03"
| #define PACKAGE_BUGREPORT "smcameron@users.sourceforge.net"
| #define PACKAGE "cciss_vol_status"
| #define VERSION "1.03"
| /* end confdefs.h.  */
| #include <ac_nonexistent.h>
configure:2987: result: gcc -E
configure:3011: gcc -E  conftest.c
configure:3017: $? = 0
configure:3049: gcc -E  conftest.c
conftest.c:11:28: error: ac_nonexistent.h: No such file or directory
configure:3055: $? = 1
configure: failed program was:
| /* confdefs.h.  */
| 
| #define PACKAGE_NAME "cciss_vol_status"
| #define PACKAGE_TARNAME "cciss_vol_status"
| #define PACKAGE_VERSION "1.03"
| #define PACKAGE_STRING "cciss_vol_status 1.03"
| #define PACKAGE_BUGREPORT "smcameron@users.sourceforge.net"
| #define PACKAGE "cciss_vol_status"
| #define VERSION "1.03"
| /* end confdefs.h.  */
| #include <ac_nonexistent.h>
configure:3099: checking for egrep
configure:3109: result: grep -E
configure:3114: checking for ANSI C header files
configure:3139: gcc -c -g -O2  conftest.c >&5
configure:3145: $? = 0
configure:3149: test -z 
			 || test ! -s conftest.err
configure:3152: $? = 0
configure:3155: test -s conftest.o
configure:3158: $? = 0
configure:3247: gcc -o conftest -g -O2   conftest.c  >&5
conftest.c: In function 'main':
conftest.c:28: warning: incompatible implicit declaration of built-in function 'exit'
configure:3250: $? = 0
configure:3252: ./conftest
configure:3255: $? = 0
configure:3270: result: yes
configure:3294: checking for sys/types.h
configure:3310: gcc -c -g -O2  conftest.c >&5
configure:3316: $? = 0
configure:3320: test -z 
			 || test ! -s conftest.err
configure:3323: $? = 0
configure:3326: test -s conftest.o
configure:3329: $? = 0
configure:3340: result: yes
configure:3294: checking for sys/stat.h
configure:3310: gcc -c -g -O2  conftest.c >&5
configure:3316: $? = 0
configure:3320: test -z 
			 || test ! -s conftest.err
configure:3323: $? = 0
configure:3326: test -s conftest.o
configure:3329: $? = 0
configure:3340: result: yes
configure:3294: checking for stdlib.h
configure:3310: gcc -c -g -O2  conftest.c >&5
configure:3316: $? = 0
configure:3320: test -z 
			 || test ! -s conftest.err
configure:3323: $? = 0
configure:3326: test -s conftest.o
configure:3329: $? = 0
configure:3340: result: yes
configure:3294: checking for string.h
configure:3310: gcc -c -g -O2  conftest.c >&5
configure:3316: $? = 0
configure:3320: test -z 
			 || test ! -s conftest.err
configure:3323: $? = 0
configure:3326: test -s conftest.o
configure:3329: $? = 0
configure:3340: result: yes
configure:3294: checking for memory.h
configure:3310: gcc -c -g -O2  conftest.c >&5
configure:3316: $? = 0
configure:3320: test -z 
			 || test ! -s conftest.err
configure:3323: $? = 0
configure:3326: test -s conftest.o
configure:3329: $? = 0
configure:3340: result: yes
configure:3294: checking for strings.h
configure:3310: gcc -c -g -O2  conftest.c >&5
configure:3316: $? = 0
configure:3320: test -z 
			 || test ! -s conftest.err
configure:3323: $? = 0
configure:3326: test -s conftest.o
configure:3329: $? = 0
configure:3340: result: yes
configure:3294: checking for inttypes.h
configure:3310: gcc -c -g -O2  conftest.c >&5
configure:3316: $? = 0
configure:3320: test -z 
			 || test ! -s conftest.err
configure:3323: $? = 0
configure:3326: test -s conftest.o
configure:3329: $? = 0
configure:3340: result: yes
configure:3294: checking for stdint.h
configure:3310: gcc -c -g -O2  conftest.c >&5
configure:3316: $? = 0
configure:3320: test -z 
			 || test ! -s conftest.err
configure:3323: $? = 0
configure:3326: test -s conftest.o
configure:3329: $? = 0
configure:3340: result: yes
configure:3294: checking for unistd.h
configure:3310: gcc -c -g -O2  conftest.c >&5
configure:3316: $? = 0
configure:3320: test -z 
			 || test ! -s conftest.err
configure:3323: $? = 0
configure:3326: test -s conftest.o
configure:3329: $? = 0
configure:3340: result: yes
configure:3373: checking errno.h usability
configure:3385: gcc -c -g -O2  conftest.c >&5
configure:3391: $? = 0
configure:3395: test -z 
			 || test ! -s conftest.err
configure:3398: $? = 0
configure:3401: test -s conftest.o
configure:3404: $? = 0
configure:3414: result: yes
configure:3418: checking errno.h presence
configure:3428: gcc -E  conftest.c
configure:3434: $? = 0
configure:3454: result: yes
configure:3489: checking for errno.h
configure:3496: result: yes
configure:3373: checking fcntl.h usability
configure:3385: gcc -c -g -O2  conftest.c >&5
configure:3391: $? = 0
configure:3395: test -z 
			 || test ! -s conftest.err
configure:3398: $? = 0
configure:3401: test -s conftest.o
configure:3404: $? = 0
configure:3414: result: yes
configure:3418: checking fcntl.h presence
configure:3428: gcc -E  conftest.c
configure:3434: $? = 0
configure:3454: result: yes
configure:3489: checking for fcntl.h
configure:3496: result: yes
configure:3364: checking for inttypes.h
configure:3369: result: yes
configure:3373: checking netinet/in.h usability
configure:3385: gcc -c -g -O2  conftest.c >&5
configure:3391: $? = 0
configure:3395: test -z 
			 || test ! -s conftest.err
configure:3398: $? = 0
configure:3401: test -s conftest.o
configure:3404: $? = 0
configure:3414: result: yes
configure:3418: checking netinet/in.h presence
configure:3428: gcc -E  conftest.c
configure:3434: $? = 0
configure:3454: result: yes
configure:3489: checking for netinet/in.h
configure:3496: result: yes
configure:3364: checking for stdlib.h
configure:3369: result: yes
configure:3364: checking for string.h
configure:3369: result: yes
configure:3373: checking sys/ioctl.h usability
configure:3385: gcc -c -g -O2  conftest.c >&5
configure:3391: $? = 0
configure:3395: test -z 
			 || test ! -s conftest.err
configure:3398: $? = 0
configure:3401: test -s conftest.o
configure:3404: $? = 0
configure:3414: result: yes
configure:3418: checking sys/ioctl.h presence
configure:3428: gcc -E  conftest.c
configure:3434: $? = 0
configure:3454: result: yes
configure:3489: checking for sys/ioctl.h
configure:3496: result: yes
configure:3364: checking for unistd.h
configure:3369: result: yes
configure:3519: checking scsi/sg.h usability
configure:3531: gcc -c -g -O2  conftest.c >&5
configure:3537: $? = 0
configure:3541: test -z 
			 || test ! -s conftest.err
configure:3544: $? = 0
configure:3547: test -s conftest.o
configure:3550: $? = 0
configure:3560: result: yes
configure:3564: checking scsi/sg.h presence
configure:3574: gcc -E  conftest.c
configure:3580: $? = 0
configure:3600: result: yes
configure:3635: checking for scsi/sg.h
configure:3642: result: yes
configure:3668: checking scsi/scsi.h usability
configure:3680: gcc -c -g -O2  conftest.c >&5
configure:3686: $? = 0
configure:3690: test -z 
			 || test ! -s conftest.err
configure:3693: $? = 0
configure:3696: test -s conftest.o
configure:3699: $? = 0
configure:3709: result: yes
configure:3713: checking scsi/scsi.h presence
configure:3723: gcc -E  conftest.c
configure:3729: $? = 0
configure:3749: result: yes
configure:3784: checking for scsi/scsi.h
configure:3791: result: yes
configure:3814: checking linux/cciss_ioctl.h usability
configure:3826: gcc -c -g -O2  conftest.c >&5
configure:3832: $? = 0
configure:3836: test -z 
			 || test ! -s conftest.err
configure:3839: $? = 0
configure:3842: test -s conftest.o
configure:3845: $? = 0
configure:3855: result: yes
configure:3859: checking linux/cciss_ioctl.h presence
configure:3869: gcc -E  conftest.c
configure:3875: $? = 0
configure:3895: result: yes
configure:3930: checking for linux/cciss_ioctl.h
configure:3937: result: yes
configure:3960: checking /usr/src/sys/dev/ciss/cissio.h usability
configure:3972: gcc -c -g -O2  conftest.c >&5
conftest.c:66:42: error: /usr/src/sys/dev/ciss/cissio.h: No such file or directory
configure:3978: $? = 1
configure: failed program was:
| /* confdefs.h.  */
| 
| #define PACKAGE_NAME "cciss_vol_status"
| #define PACKAGE_TARNAME "cciss_vol_status"
| #define PACKAGE_VERSION "1.03"
| #define PACKAGE_STRING "cciss_vol_status 1.03"
| #define PACKAGE_BUGREPORT "smcameron@users.sourceforge.net"
| #define PACKAGE "cciss_vol_status"
| #define VERSION "1.03"
| #define STDC_HEADERS 1
| #define HAVE_SYS_TYPES_H 1
| #define HAVE_SYS_STAT_H 1
| #define HAVE_STDLIB_H 1
| #define HAVE_STRING_H 1
| #define HAVE_MEMORY_H 1
| #define HAVE_STRINGS_H 1
| #define HAVE_INTTYPES_H 1
| #define HAVE_STDINT_H 1
| #define HAVE_UNISTD_H 1
| #define HAVE_ERRNO_H 1
| #define HAVE_FCNTL_H 1
| #define HAVE_INTTYPES_H 1
| #define HAVE_NETINET_IN_H 1
| #define HAVE_STDLIB_H 1
| #define HAVE_STRING_H 1
| #define HAVE_SYS_IOCTL_H 1
| #define HAVE_UNISTD_H 1
| #define HAVE_SCSI_SG_H 1
| #define HAVE_SCSI_SCSI_H 1
| #define HAVE_LINUX_CCISS_IOCTL_H 1
| /* end confdefs.h.  */
| #include <stdio.h>
| #if HAVE_SYS_TYPES_H
| # include <sys/types.h>
| #endif
| #if HAVE_SYS_STAT_H
| # include <sys/stat.h>
| #endif
| #if STDC_HEADERS
| # include <stdlib.h>
| # include <stddef.h>
| #else
| # if HAVE_STDLIB_H
| #  include <stdlib.h>
| # endif
| #endif
| #if HAVE_STRING_H
| # if !STDC_HEADERS && HAVE_MEMORY_H
| #  include <memory.h>
| # endif
| # include <string.h>
| #endif
| #if HAVE_STRINGS_H
| # include <strings.h>
| #endif
| #if HAVE_INTTYPES_H
| # include <inttypes.h>
| #else
| # if HAVE_STDINT_H
| #  include <stdint.h>
| # endif
| #endif
| #if HAVE_UNISTD_H
| # include <unistd.h>
| #endif
| #include </usr/src/sys/dev/ciss/cissio.h>
configure:4001: result: no
configure:4005: checking /usr/src/sys/dev/ciss/cissio.h presence
configure:4015: gcc -E  conftest.c
conftest.c:32:42: error: /usr/src/sys/dev/ciss/cissio.h: No such file or directory
configure:4021: $? = 1
configure: failed program was:
| /* confdefs.h.  */
| 
| #define PACKAGE_NAME "cciss_vol_status"
| #define PACKAGE_TARNAME "cciss_vol_status"
| #define PACKAGE_VERSION "1.03"
| #define PACKAGE_STRING "cciss_vol_status 1.03"
| #define PACKAGE_BUGREPORT "smcameron@users.sourceforge.net"
| #define PACKAGE "cciss_vol_status"
| #define VERSION "1.03"
| #define STDC_HEADERS 1
| #define HAVE_SYS_TYPES_H 1
| #define HAVE_SYS_STAT_H 1
| #define HAVE_STDLIB_H 1
| #define HAVE_STRING_H 1
| #define HAVE_MEMORY_H 1
| #define HAVE_STRINGS_H 1
| #define HAVE_INTTYPES_H 1
| #define HAVE_STDINT_H 1
| #define HAVE_UNISTD_H 1
| #define HAVE_ERRNO_H 1
| #define HAVE_FCNTL_H 1
| #define HAVE_INTTYPES_H 1
| #define HAVE_NETINET_IN_H 1
| #define HAVE_STDLIB_H 1
| #define HAVE_STRING_H 1
| #define HAVE_SYS_IOCTL_H 1
| #define HAVE_UNISTD_H 1
| #define HAVE_SCSI_SG_H 1
| #define HAVE_SCSI_SCSI_H 1
| #define HAVE_LINUX_CCISS_IOCTL_H 1
| /* end confdefs.h.  */
| #include </usr/src/sys/dev/ciss/cissio.h>
configure:4041: result: no
configure:4076: checking for /usr/src/sys/dev/ciss/cissio.h
configure:4083: result: no
configure:4098: checking for an ANSI C-conforming const
configure:4165: gcc -c -g -O2  conftest.c >&5
configure:4171: $? = 0
configure:4175: test -z 
			 || test ! -s conftest.err
configure:4178: $? = 0
configure:4181: test -s conftest.o
configure:4184: $? = 0
configure:4195: result: yes
configure:4208: checking whether gcc needs -traditional
configure:4250: result: no
configure:4262: checking for stdlib.h
configure:4267: result: yes
configure:4407: checking for GNU libc compatible malloc
configure:4436: gcc -o conftest -g -O2   conftest.c  >&5
configure:4439: $? = 0
configure:4441: ./conftest
configure:4444: $? = 0
configure:4458: result: yes
configure:4488: checking for getopt
configure:4545: gcc -o conftest -g -O2   conftest.c  >&5
configure:4551: $? = 0
configure:4555: test -z 
			 || test ! -s conftest.err
configure:4558: $? = 0
configure:4561: test -s conftest
configure:4564: $? = 0
configure:4576: result: yes
configure:4579: checking for getopt_long
configure:4636: gcc -o conftest -g -O2   conftest.c  >&5
configure:4642: $? = 0
configure:4646: test -z 
			 || test ! -s conftest.err
configure:4649: $? = 0
configure:4652: test -s conftest
configure:4655: $? = 0
configure:4667: result: yes
configure:4676: checking for memset
configure:4733: gcc -o conftest -g -O2   conftest.c  >&5
conftest.c:58: warning: conflicting types for built-in function 'memset'
configure:4739: $? = 0
configure:4743: test -z 
			 || test ! -s conftest.err
configure:4746: $? = 0
configure:4749: test -s conftest
configure:4752: $? = 0
configure:4764: result: yes
configure:4676: checking for strerror
configure:4733: gcc -o conftest -g -O2   conftest.c  >&5
configure:4739: $? = 0
configure:4743: test -z 
			 || test ! -s conftest.err
configure:4746: $? = 0
configure:4749: test -s conftest
configure:4752: $? = 0
configure:4764: result: yes
configure:4676: checking for strstr
configure:4733: gcc -o conftest -g -O2   conftest.c  >&5
conftest.c:60: warning: conflicting types for built-in function 'strstr'
configure:4739: $? = 0
configure:4743: test -z 
			 || test ! -s conftest.err
configure:4746: $? = 0
configure:4749: test -s conftest
configure:4752: $? = 0
configure:4764: result: yes
configure:4886: creating ./config.status

## ---------------------- ##
## Running config.status. ##
## ---------------------- ##

This file was extended by cciss_vol_status config.status 1.03, which was
generated by GNU Autoconf 2.59.  Invocation command line was

  CONFIG_FILES    = 
  CONFIG_HEADERS  = 
  CONFIG_LINKS    = 
  CONFIG_COMMANDS = 
  $ ./config.status 

on panama.numericalrocks.com

config.status:689: creating Makefile
config.status:793: creating config.h
config.status:931: config.h is unchanged
config.status:1111: executing depfiles commands

## ---------------- ##
## Cache variables. ##
## ---------------- ##

ac_cv_c_compiler_gnu=yes
ac_cv_c_const=yes
ac_cv_env_CC_set=
ac_cv_env_CC_value=
ac_cv_env_CFLAGS_set=
ac_cv_env_CFLAGS_value=
ac_cv_env_CPPFLAGS_set=
ac_cv_env_CPPFLAGS_value=
ac_cv_env_CPP_set=
ac_cv_env_CPP_value=
ac_cv_env_LDFLAGS_set=
ac_cv_env_LDFLAGS_value=
ac_cv_env_build_alias_set=
ac_cv_env_build_alias_value=
ac_cv_env_host_alias_set=
ac_cv_env_host_alias_value=
ac_cv_env_target_alias_set=
ac_cv_env_target_alias_value=
ac_cv_exeext=
ac_cv_func_getopt=yes
ac_cv_func_getopt_long=yes
ac_cv_func_malloc_0_nonnull=yes
ac_cv_func_memset=yes
ac_cv_func_strerror=yes
ac_cv_func_strstr=yes
ac_cv_header__usr_src_sys_dev_ciss_cissio_h=no
ac_cv_header_errno_h=yes
ac_cv_header_fcntl_h=yes
ac_cv_header_inttypes_h=yes
ac_cv_header_linux_cciss_ioctl_h=yes
ac_cv_header_memory_h=yes
ac_cv_header_netinet_in_h=yes
ac_cv_header_scsi_scsi_h=yes
ac_cv_header_scsi_sg_h=yes
ac_cv_header_stdc=yes
ac_cv_header_stdint_h=yes
ac_cv_header_stdlib_h=yes
ac_cv_header_string_h=yes
ac_cv_header_strings_h=yes
ac_cv_header_sys_ioctl_h=yes
ac_cv_header_sys_stat_h=yes
ac_cv_header_sys_types_h=yes
ac_cv_header_unistd_h=yes
ac_cv_objext=o
ac_cv_path_install='/usr/bin/install -c'
ac_cv_prog_AWK=gawk
ac_cv_prog_CPP='gcc -E'
ac_cv_prog_ac_ct_CC=gcc
ac_cv_prog_cc_g=yes
ac_cv_prog_cc_stdc=
ac_cv_prog_egrep='grep -E'
ac_cv_prog_gcc_traditional=no
ac_cv_prog_make_make_set=yes
am_cv_CC_dependencies_compiler_type=gcc3

## ----------------- ##
## Output variables. ##
## ----------------- ##

ACLOCAL='${SHELL} /root/cciss_vol_status-1.03/missing --run aclocal-1.9'
AMDEPBACKSLASH='\'
AMDEP_FALSE='#'
AMDEP_TRUE=''
AMTAR='${SHELL} /root/cciss_vol_status-1.03/missing --run tar'
AUTOCONF='${SHELL} /root/cciss_vol_status-1.03/missing --run autoconf'
AUTOHEADER='${SHELL} /root/cciss_vol_status-1.03/missing --run autoheader'
AUTOMAKE='${SHELL} /root/cciss_vol_status-1.03/missing --run automake-1.9'
AWK='gawk'
CC='gcc'
CCDEPMODE='depmode=gcc3'
CFLAGS='-g -O2'
CPP='gcc -E'
CPPFLAGS=''
CYGPATH_W='echo'
DEFS='-DHAVE_CONFIG_H'
DEPDIR='.deps'
ECHO_C=''
ECHO_N='-n'
ECHO_T=''
EGREP='grep -E'
EXEEXT=''
INSTALL_DATA='${INSTALL} -m 644'
INSTALL_PROGRAM='${INSTALL}'
INSTALL_SCRIPT='${INSTALL}'
INSTALL_STRIP_PROGRAM='${SHELL} $(install_sh) -c -s'
LDFLAGS=''
LIBOBJS=''
LIBS=''
LTLIBOBJS=''
MAKEINFO='${SHELL} /root/cciss_vol_status-1.03/missing --run makeinfo'
OBJEXT='o'
PACKAGE='cciss_vol_status'
PACKAGE_BUGREPORT='smcameron@users.sourceforge.net'
PACKAGE_NAME='cciss_vol_status'
PACKAGE_STRING='cciss_vol_status 1.03'
PACKAGE_TARNAME='cciss_vol_status'
PACKAGE_VERSION='1.03'
PATH_SEPARATOR=':'
SET_MAKE=''
SHELL='/bin/sh'
STRIP=''
VERSION='1.03'
ac_ct_CC='gcc'
ac_ct_STRIP=''
am__fastdepCC_FALSE='#'
am__fastdepCC_TRUE=''
am__include='include'
am__leading_dot='.'
am__quote=''
am__tar='${AMTAR} chof - "$$tardir"'
am__untar='${AMTAR} xf -'
bindir='${exec_prefix}/bin'
build_alias=''
datadir='${prefix}/share'
exec_prefix='${prefix}'
host_alias=''
includedir='${prefix}/include'
infodir='${prefix}/info'
install_sh='/root/cciss_vol_status-1.03/install-sh'
libdir='${exec_prefix}/lib'
libexecdir='${exec_prefix}/libexec'
localstatedir='${prefix}/var'
mandir='${prefix}/man'
mkdir_p='mkdir -p --'
oldincludedir='/usr/include'
prefix='/usr/local'
program_transform_name='s,x,x,'
sbindir='${exec_prefix}/sbin'
sharedstatedir='${prefix}/com'
sysconfdir='${prefix}/etc'
target_alias=''

## ----------- ##
## confdefs.h. ##
## ----------- ##

#define HAVE_ERRNO_H 1
#define HAVE_FCNTL_H 1
#define HAVE_INTTYPES_H 1
#define HAVE_INTTYPES_H 1
#define HAVE_LINUX_CCISS_IOCTL_H 1
#define HAVE_MALLOC 1
#define HAVE_MEMORY_H 1
#define HAVE_MEMSET 1
#define HAVE_NETINET_IN_H 1
#define HAVE_SCSI_SCSI_H 1
#define HAVE_SCSI_SG_H 1
#define HAVE_STDINT_H 1
#define HAVE_STDLIB_H 1
#define HAVE_STDLIB_H 1
#define HAVE_STDLIB_H 1
#define HAVE_STRERROR 1
#define HAVE_STRINGS_H 1
#define HAVE_STRING_H 1
#define HAVE_STRING_H 1
#define HAVE_STRSTR 1
#define HAVE_SYS_IOCTL_H 1
#define HAVE_SYS_STAT_H 1
#define HAVE_SYS_TYPES_H 1
#define HAVE_UNISTD_H 1
#define HAVE_UNISTD_H 1
#define PACKAGE "cciss_vol_status"
#define PACKAGE_BUGREPORT "smcameron@users.sourceforge.net"
#define PACKAGE_NAME "cciss_vol_status"
#define PACKAGE_STRING "cciss_vol_status 1.03"
#define PACKAGE_TARNAME "cciss_vol_status"
#define PACKAGE_VERSION "1.03"
#define STDC_HEADERS 1
#define VERSION "1.03"

configure: exit 0
